2019-12-10 11:28:19	./map_vs_ref.pl	1.0 Checking command line arguments ...
2019-12-10 11:28:19	./map_vs_ref.pl	1.1 Checking input and output locations ...
2019-12-10 11:28:19	./map_vs_ref.pl	|--- Check fastq dir ...
2019-12-10 11:28:19	./map_vs_ref.pl	|--- Check map_vs_ref dir ...
2019-12-10 11:28:19	./map_vs_ref.pl	1.2 Load in reference ...
2019-12-10 11:28:19	./map_vs_ref.pl	1.3 Get sample names from file [./testdata/samples.txt]...
2019-12-10 11:28:19	./map_vs_ref.pl	1.4 Do read mapping and save SAM file ...
2019-12-10 11:28:19	./map_vs_ref.pl	1.4.1 Locate reads ...
2019-12-10 11:28:19	./map_vs_ref.pl	1.4.2 Map reads for sample [110901_6_12_random_1] ...
2019-12-10 11:28:19	./map_vs_ref.pl	!---- Paired end mapping using ./testdata/fastq/Sample_110901_6_12_random_1/110901_6_12_random_1_CTTGTA_L006_R1_001.fastq.gz ./testdata/fastq/Sample_110901_6_12_random_1/110901_6_12_random_1_CTTGTA_L006_R2_001.fastq.gz ...
2019-12-10 11:28:19	./map_vs_ref.pl	bwa start indexing reference ./testdata/ref/1b_con1_AJ238799.NCBI.fa
2019-12-10 11:28:19	./map_vs_ref.pl	Start aligning read
2019-12-10 11:28:19	./map_vs_ref.pl	End aligning read
2019-12-10 11:28:19	./map_vs_ref.pl	bwa start indexing reference ./testdata/ref/1b_con1_AJ238799.NCBI.fa
2019-12-10 11:28:19	./map_vs_ref.pl	Start aligning read
2019-12-10 11:28:19	./map_vs_ref.pl	End aligning read
2019-12-10 11:28:19	./map_vs_ref.pl	Start generating paired alignment
2019-12-10 11:28:19	./map_vs_ref.pl	End generating paired alignment
2019-12-10 11:28:19	./map_vs_ref.pl	1.5 End.
2019-12-10 11:28:19	./map_vs_ref.pl	1.4.1 Locate reads ...
2019-12-10 11:28:19	./map_vs_ref.pl	1.4.2 Map reads for sample [110901_6_12_random_2] ...
2019-12-10 11:28:19	./map_vs_ref.pl	!---- Paired end mapping using ./testdata/fastq/Sample_110901_6_12_random_2/110901_6_12_random_2_CTTGTA_L006_R1_001.fastq.gz ./testdata/fastq/Sample_110901_6_12_random_2/110901_6_12_random_2_CTTGTA_L006_R2_001.fastq.gz ...
2019-12-10 11:28:19	./map_vs_ref.pl	bwa start indexing reference ./testdata/ref/1b_con1_AJ238799.NCBI.fa
2019-12-10 11:28:19	./map_vs_ref.pl	Start aligning read
2019-12-10 11:28:19	./map_vs_ref.pl	End aligning read
2019-12-10 11:28:19	./map_vs_ref.pl	bwa start indexing reference ./testdata/ref/1b_con1_AJ238799.NCBI.fa
2019-12-10 11:28:19	./map_vs_ref.pl	Start aligning read
2019-12-10 11:28:19	./map_vs_ref.pl	End aligning read
2019-12-10 11:28:19	./map_vs_ref.pl	Start generating paired alignment
2019-12-10 11:28:19	./map_vs_ref.pl	End generating paired alignment
2019-12-10 11:28:19	./map_vs_ref.pl	1.5 End.
2019-12-10 11:28:19	./consensus.pl	2.0 Checking command line arguments ...
2019-12-10 11:28:19	./consensus.pl	2.1 Checking input and output locations ...
2019-12-10 11:28:19	./consensus.pl	|--- Create local [./testdata/results/consensus] dir ...
2019-12-10 11:28:19	./consensus.pl	2.2 Load in reference ...
2019-12-10 11:28:19	./consensus.pl	2.3 Get sample names from file [./testdata/samples.txt]...
2019-12-10 11:28:19	./consensus.pl	2.4 Calculate consensus ...
Could not open ./testdata/results/map_vs_ref/110901_6_12_random_1.sam
2019-12-10 11:28:19	./consensus.pl	-> for sample [110901_6_12_random_1] ...
2019-12-10 11:28:19	./map_vs_consensus.pl	3.0 Checking command line arguments ...
2019-12-10 11:28:19	./map_vs_consensus.pl	3.1 Get sample names from file [./testdata/samples.txt]...
2019-12-10 11:28:19	./map_vs_consensus.pl	3.2 Checking input and output locations ...
2019-12-10 11:28:19	./map_vs_consensus.pl	3.2.1 Create local [map_vs_consensus]  dir ...
2019-12-10 11:28:19	./map_vs_consensus.pl	|--- Check fastq dir ...
2019-12-10 11:28:19	./map_vs_consensus.pl	|--- Check map_vs_consensus dir ...
2019-12-10 11:28:19	./map_vs_consensus.pl	3.3 Do read mapping and save SAM file ...
2019-12-10 11:28:19	./map_vs_consensus.pl	3.3.1 Locate reads ...

Consensus sequence file cannot be found. 

Usage:
    perl map_vs_consensus.pl --samplelist <file> [options]

    Options:

    --help brief help message

    --man full documentation

2019-12-10 11:28:19	./map_vs_consensus.pl	3.3.2 Locate consensus for [110901_6_12_random_1] ...
2019-12-10 11:28:19	./codon_table.pl	4.0 Checking command line arguments ...
2019-12-10 11:28:19	./codon_table.pl	4.1 Checking input and output locations ...
2019-12-10 11:28:19	./codon_table.pl	|--- Check input dir ...
2019-12-10 11:28:19	./codon_table.pl	|--- Check project dir ...
2019-12-10 11:28:19	./codon_table.pl	4.2 Get sample names from file [./testdata/samples.txt]...
2019-12-10 11:28:19	./codon_table.pl	4.3 Build Codon Table ...
Could not open ./testdata/results/map_vs_consensus/110901_6_12_random_1.sam
2019-12-10 11:28:20	./codon_table.pl	4.3.0 Sample [110901_6_12_random_1] ...
2019-12-10 11:28:20	./mixture_model.pl	5.0 Checking command line arguments ...
2019-12-10 11:28:20	./mixture_model.pl	5.1 Checking input and output locations ...
2019-12-10 11:28:20	./mixture_model.pl	|--- Check project dir ...
2019-12-10 11:28:20	./mixture_model.pl	5.2 Get sample names from file [./testdata/samples.txt]...
2019-12-10 11:28:20	./mixture_model.pl	5.3 Mixture Model
2019-12-10 11:28:20	./mixture_model.pl	5.3.0 Sample [110901_6_12_random_1]
2019-12-10 11:28:20	./mixture_model.pl	5.3.1 Running R --no-restore --no-save --max-ppsize=100000 --args ./testdata/results/codon_table/110901_6_12_random_1.stat ./testdata/results/mixture_model/110901_6_12_random_1.png ./testdata/results/mixture_model/110901_6_12_random_1.Q.score < R/mixtureModel.R
Error in file(file, "rt") : cannot open the connection
Calls: read.delim -> read.table -> file
In addition: Warning message:
In file(file, "rt") :
  cannot open file './testdata/results/codon_table/110901_6_12_random_1.stat': No such file or directory
Execution halted
cat: ./testdata/results/mixture_model/110901_6_12_random_1.Q.score: No such file or directory
Could not open ./testdata/results/map_vs_consensus/110901_6_12_random_1.sam
2019-12-10 11:28:20	./mixture_model.pl	5.3.2 Re-run Codon table for sample [110901_6_12_random_1] with Q-score [] ...
