2019-12-10 17:54:10	./map_vs_ref.pl	1.0 Checking command line arguments ...
2019-12-10 17:54:10	./map_vs_ref.pl	1.1 Checking input and output locations ...
2019-12-10 17:54:10	./map_vs_ref.pl	|--- Check fastq dir ...
2019-12-10 17:54:10	./map_vs_ref.pl	|--- Check map_vs_ref dir ...
2019-12-10 17:54:10	./map_vs_ref.pl	1.2 Load in reference ...
2019-12-10 17:54:10	./map_vs_ref.pl	1.3 Get sample names from file [./testdata/samples2.txt]...
2019-12-10 17:54:10	./map_vs_ref.pl	1.4 Do read mapping and save SAM file ...
2019-12-10 17:54:10	./map_vs_ref.pl	1.4.1 Locate reads ...
2019-12-10 17:54:10	./map_vs_ref.pl	1.4.2 Map reads for sample [BIOINFO_5mil_bowtie] ...
2019-12-10 17:54:10	./map_vs_ref.pl	!---- Paired end mapping using ./testdata/fastq/Sample_BIOINFO_5mil_bowtie/newSample1mil_R1.fastq.gz ./testdata/fastq/Sample_BIOINFO_5mil_bowtie/sample5mil_R2.fastq.gz ...
2019-12-10 17:54:10	./map_vs_ref.pl	bwa start indexing reference ./testdata/ref/hxb2.fasta
2019-12-10 17:54:10	./map_vs_ref.pl	Start aligning read
2019-12-10 17:54:10	./map_vs_ref.pl	End aligning read
2019-12-10 17:54:10	./map_vs_ref.pl	bwa start indexing reference ./testdata/ref/hxb2.fasta
2019-12-10 17:54:10	./map_vs_ref.pl	Start aligning read
2019-12-10 17:54:10	./map_vs_ref.pl	End aligning read
2019-12-10 17:54:10	./map_vs_ref.pl	Start generating paired alignment
2019-12-10 17:54:10	./map_vs_ref.pl	End generating paired alignment
2019-12-10 17:54:10	./map_vs_ref.pl	1.5 End.
2019-12-10 17:54:11	./consensus.pl	2.0 Checking command line arguments ...
2019-12-10 17:54:11	./consensus.pl	2.1 Checking input and output locations ...
2019-12-10 17:54:11	./consensus.pl	|--- Create local [./testdata/results/consensus] dir ...
2019-12-10 17:54:11	./consensus.pl	2.2 Load in reference ...
2019-12-10 17:54:11	./consensus.pl	2.3 Get sample names from file [./testdata/samples2.txt]...
2019-12-10 17:54:11	./consensus.pl	2.4 Calculate consensus ...
Could not open ./testdata/results/map_vs_ref/BIOINFO_5mil_bowtie.sam
2019-12-10 17:54:11	./consensus.pl	-> for sample [BIOINFO_5mil_bowtie] ...
2019-12-10 17:54:11	./map_vs_consensus.pl	3.0 Checking command line arguments ...
2019-12-10 17:54:11	./map_vs_consensus.pl	3.1 Get sample names from file [./testdata/samples2.txt]...
2019-12-10 17:54:11	./map_vs_consensus.pl	3.2 Checking input and output locations ...
2019-12-10 17:54:11	./map_vs_consensus.pl	3.2.1 Create local [map_vs_consensus]  dir ...
2019-12-10 17:54:11	./map_vs_consensus.pl	|--- Check fastq dir ...
2019-12-10 17:54:11	./map_vs_consensus.pl	|--- Check map_vs_consensus dir ...
2019-12-10 17:54:11	./map_vs_consensus.pl	3.3 Do read mapping and save SAM file ...
2019-12-10 17:54:11	./map_vs_consensus.pl	3.3.1 Locate reads ...

Consensus sequence file cannot be found. 

Usage:
    perl map_vs_consensus.pl --samplelist <file> [options]

    Options:

    --help brief help message

    --man full documentation

2019-12-10 17:54:11	./map_vs_consensus.pl	3.3.2 Locate consensus for [BIOINFO_5mil_bowtie] ...
2019-12-10 17:54:11	./codon_table.pl	4.0 Checking command line arguments ...
2019-12-10 17:54:11	./codon_table.pl	4.1 Checking input and output locations ...
2019-12-10 17:54:11	./codon_table.pl	|--- Check input dir ...
2019-12-10 17:54:11	./codon_table.pl	|--- Check project dir ...
2019-12-10 17:54:11	./codon_table.pl	4.2 Get sample names from file [./testdata/samples2.txt]...
2019-12-10 17:54:11	./codon_table.pl	4.3 Build Codon Table ...
Could not open ./testdata/results/map_vs_consensus/BIOINFO_5mil_bowtie.sam
2019-12-10 17:54:11	./codon_table.pl	4.3.0 Sample [BIOINFO_5mil_bowtie] ...
2019-12-10 17:54:11	./mixture_model.pl	5.0 Checking command line arguments ...
2019-12-10 17:54:11	./mixture_model.pl	5.1 Checking input and output locations ...
2019-12-10 17:54:11	./mixture_model.pl	|--- Check project dir ...
2019-12-10 17:54:11	./mixture_model.pl	5.2 Get sample names from file [./testdata/samples2.txt]...
2019-12-10 17:54:11	./mixture_model.pl	5.3 Mixture Model
2019-12-10 17:54:11	./mixture_model.pl	5.3.0 Sample [BIOINFO_5mil_bowtie]
2019-12-10 17:54:11	./mixture_model.pl	5.3.1 Running R --no-restore --no-save --max-ppsize=100000 --args ./testdata/results/codon_table/BIOINFO_5mil_bowtie.stat ./testdata/results/mixture_model/BIOINFO_5mil_bowtie.png ./testdata/results/mixture_model/BIOINFO_5mil_bowtie.Q.score < R/mixtureModel.R
Error in file(file, "rt") : cannot open the connection
Calls: read.delim -> read.table -> file
In addition: Warning message:
In file(file, "rt") :
  cannot open file './testdata/results/codon_table/BIOINFO_5mil_bowtie.stat': No such file or directory
Execution halted
cat: ./testdata/results/mixture_model/BIOINFO_5mil_bowtie.Q.score: No such file or directory
Could not open ./testdata/results/map_vs_consensus/BIOINFO_5mil_bowtie.sam
2019-12-10 17:54:12	./mixture_model.pl	5.3.2 Re-run Codon table for sample [BIOINFO_5mil_bowtie] with Q-score [] ...
